2021-03-23 01:01:57 INFO  ProjectStartupHandler.runActivity(72) - ---------- Project opened ----------
2021-03-23 01:01:57 INFO  ProjectStartupHandler.runActivity(73) - ---------- Version 3.45 ----------

2021-03-23 01:01:57 INFO  ProjectStartupHandler.setAutoscrolls(337) - Autoscrolls successfully set
2021-03-23 01:01:58 INFO  ApacheHttpClient.isSessionAppropriateWithSecretKey(581) - The session is not set in the property file.
2021-03-23 01:04:49 INFO  ApacheHttpClient.login(247) - Waiting for server response.
2021-03-23 01:04:49 INFO  ApacheHttpClient.login(247) - Waiting for server response.
2021-03-23 01:04:49 INFO  ApacheHttpClient.login(247) - Waiting for server response.
2021-03-23 01:04:50 INFO  ApacheHttpClient.login(247) - Waiting for server response.
2021-03-23 01:04:50 INFO  ApacheHttpClient.login(247) - Waiting for server response.
2021-03-23 01:04:50 INFO  ApacheHttpClient.login(247) - Waiting for server response.
2021-03-23 01:04:50 INFO  ApacheHttpClient.login(247) - Waiting for server response.
2021-03-23 01:04:50 INFO  ApacheHttpClient.login(247) - Waiting for server response.
2021-03-23 01:04:50 INFO  ApacheHttpClient.login(247) - Waiting for server response.
2021-03-23 01:04:50 INFO  ApacheHttpClient.login(247) - Waiting for server response.
2021-03-23 01:04:50 INFO  ApacheHttpClient.login(247) - Waiting for server response.
2021-03-23 01:04:50 INFO  ApacheHttpClient.login(247) - Waiting for server response.
2021-03-23 01:04:50 INFO  ApacheHttpClient.login(251) - responseCode = 200
2021-03-23 01:04:50 INFO  ApacheHttpClient.login(274) - JSESSIONID OK
2021-03-23 01:04:51 INFO  ApacheHttpClient.refreshUserInfo(302) - responseCode = 200
2021-03-23 01:04:51 INFO  ApacheHttpClient.refreshUserInfo(308) - User information received.
2021-03-23 01:04:51 INFO  ApacheHttpClient.startGA(35) - GAService started.
2021-03-23 01:04:51 INFO  AbstractRestApiClient.startService(71) - EventsService started.
2021-03-23 01:06:02 INFO  ProjectStartupHandler.projectClosing(153) - ---------- Project closed ----------

2021-03-23 01:06:02 INFO  PluginProjectService.dispose(42) - PluginProjectService disposed.
2021-03-23 01:10:47 INFO  ProjectStartupHandler.runActivity(72) - ---------- Project opened ----------
2021-03-23 01:10:47 INFO  ProjectStartupHandler.runActivity(73) - ---------- Version 3.45 ----------

2021-03-23 01:10:47 INFO  ProjectStartupHandler.setAutoscrolls(337) - Autoscrolls successfully set
2021-03-23 01:10:47 INFO  ApacheHttpClient.isSessionAppropriateWithSecretKey(594) - Waiting for server response.
2021-03-23 01:10:47 INFO  ApacheHttpClient.isSessionAppropriateWithSecretKey(594) - Waiting for server response.
2021-03-23 01:10:47 INFO  ApacheHttpClient.isSessionAppropriateWithSecretKey(594) - Waiting for server response.
2021-03-23 01:10:47 INFO  ApacheHttpClient.isSessionAppropriateWithSecretKey(594) - Waiting for server response.
2021-03-23 01:10:48 INFO  ApacheHttpClient.isSessionAppropriateWithSecretKey(594) - Waiting for server response.
2021-03-23 01:10:48 INFO  ApacheHttpClient.refreshUserInfo(302) - responseCode = 200
2021-03-23 01:10:48 INFO  ApacheHttpClient.refreshUserInfo(308) - User information received.
2021-03-23 01:10:48 INFO  ApacheHttpClient.startGA(35) - GAService started.
2021-03-23 01:10:48 INFO  AbstractRestApiClient.startService(71) - EventsService started.
2021-03-23 01:12:10 INFO  ApacheHttpClient.getWebResourceAsStream(494) - responseCode = 200
2021-03-23 01:12:10 WARN  ResetTaskButton.isTaskSelected(23) - No task selected!
2021-03-23 01:12:34 INFO  ProjectStartupHandler.projectClosing(153) - ---------- Project closed ----------

2021-03-23 01:12:34 INFO  PluginProjectService.dispose(42) - PluginProjectService disposed.
2021-03-27 09:59:53 INFO  ProjectStartupHandler.runActivity(72) - ---------- Project opened ----------
2021-03-27 09:59:53 INFO  ProjectStartupHandler.runActivity(73) - ---------- Version 3.45 ----------

2021-03-27 09:59:53 INFO  ApacheHttpClient.isSessionAppropriateWithSecretKey(594) - Waiting for server response.
2021-03-27 09:59:53 INFO  ApacheHttpClient.isSessionAppropriateWithSecretKey(594) - Waiting for server response.
2021-03-27 09:59:53 INFO  ApacheHttpClient.isSessionAppropriateWithSecretKey(594) - Waiting for server response.
2021-03-27 09:59:53 INFO  ApacheHttpClient.isSessionAppropriateWithSecretKey(594) - Waiting for server response.
2021-03-27 09:59:54 INFO  ApacheHttpClient.refreshUserInfo(302) - responseCode = 200
2021-03-27 09:59:54 INFO  ApacheHttpClient.refreshUserInfo(308) - User information received.
2021-03-27 09:59:54 INFO  ApacheHttpClient.startGA(35) - GAService started.
2021-03-27 09:59:54 INFO  AbstractRestApiClient.startService(71) - EventsService started.
2021-03-27 10:00:25 INFO  ProjectStartupHandler.projectClosing(153) - ---------- Project closed ----------

2021-03-27 10:00:25 INFO  PluginProjectService.dispose(42) - PluginProjectService disposed.
2021-03-27 10:27:42 INFO  ProjectStartupHandler.runActivity(72) - ---------- Project opened ----------
2021-03-27 10:27:42 INFO  ProjectStartupHandler.runActivity(73) - ---------- Version 3.45 ----------

2021-03-27 10:27:43 INFO  ApacheHttpClient.isSessionAppropriateWithSecretKey(594) - Waiting for server response.
2021-03-27 10:27:43 INFO  ApacheHttpClient.isSessionAppropriateWithSecretKey(594) - Waiting for server response.
2021-03-27 10:27:43 INFO  ApacheHttpClient.isSessionAppropriateWithSecretKey(594) - Waiting for server response.
2021-03-27 10:27:43 INFO  ApacheHttpClient.isSessionAppropriateWithSecretKey(594) - Waiting for server response.
2021-03-27 10:27:43 INFO  ApacheHttpClient.refreshUserInfo(302) - responseCode = 200
2021-03-27 10:27:43 INFO  ApacheHttpClient.refreshUserInfo(308) - User information received.
2021-03-27 10:27:43 INFO  ApacheHttpClient.startGA(35) - GAService started.
2021-03-27 10:27:43 INFO  AbstractRestApiClient.startService(71) - EventsService started.
2021-03-27 10:30:27 INFO  ProjectStartupHandler.projectClosing(153) - ---------- Project closed ----------

2021-03-27 10:30:27 INFO  PluginProjectService.dispose(42) - PluginProjectService disposed.
2021-03-27 16:09:24 INFO  ProjectStartupHandler.runActivity(72) - ---------- Project opened ----------
2021-03-27 16:09:24 INFO  ProjectStartupHandler.runActivity(73) - ---------- Version 3.45 ----------

2021-03-27 16:09:24 INFO  ApacheHttpClient.isSessionAppropriateWithSecretKey(594) - Waiting for server response.
2021-03-27 16:09:24 INFO  ApacheHttpClient.isSessionAppropriateWithSecretKey(594) - Waiting for server response.
2021-03-27 16:09:24 INFO  ApacheHttpClient.isSessionAppropriateWithSecretKey(594) - Waiting for server response.
2021-03-27 16:09:24 INFO  ApacheHttpClient.isSessionAppropriateWithSecretKey(594) - Waiting for server response.
2021-03-27 16:09:25 INFO  ApacheHttpClient.refreshUserInfo(302) - responseCode = 200
2021-03-27 16:09:25 INFO  ApacheHttpClient.refreshUserInfo(308) - User information received.
2021-03-27 16:09:25 INFO  ApacheHttpClient.startGA(35) - GAService started.
2021-03-27 16:09:25 INFO  AbstractRestApiClient.startService(71) - EventsService started.
2021-03-27 16:10:29 INFO  ApacheHttpClient.getWebResourceAsStream(494) - responseCode = 200
2021-03-27 16:10:30 INFO  ApacheHttpClient.getFilteredTasks(333) - responseCode = 200
2021-03-27 16:11:49 INFO  ApacheHttpClient.getTaskTemplateInfo(350) - responseCode = 200
2021-03-27 16:12:25 INFO  ApacheHttpClient.sendEvent(527) - responseCode = 200
2021-03-27 16:13:25 INFO  ApacheHttpClient.sendEvent(527) - responseCode = 200
2021-03-27 16:13:43 INFO  ProjectStartupHandler.projectClosing(153) - ---------- Project closed ----------

2021-03-27 16:13:44 INFO  ApacheHttpClient.getTask(480) - responseCode = 200
2021-03-27 16:13:44 INFO  PluginProjectService.dispose(42) - PluginProjectService disposed.
2021-03-27 16:13:55 INFO  ProjectStartupHandler.runActivity(72) - ---------- Project opened ----------
2021-03-27 16:13:55 INFO  ProjectStartupHandler.runActivity(73) - ---------- Version 3.45 ----------

2021-03-27 16:13:55 INFO  ApacheHttpClient.isSessionAppropriateWithSecretKey(594) - Waiting for server response.
2021-03-27 16:13:55 INFO  ApacheHttpClient.isSessionAppropriateWithSecretKey(594) - Waiting for server response.
2021-03-27 16:13:56 INFO  ApacheHttpClient.isSessionAppropriateWithSecretKey(594) - Waiting for server response.
2021-03-27 16:13:56 INFO  ApacheHttpClient.isSessionAppropriateWithSecretKey(594) - Waiting for server response.
2021-03-27 16:13:56 INFO  ApacheHttpClient.refreshUserInfo(302) - responseCode = 200
2021-03-27 16:13:56 INFO  ApacheHttpClient.refreshUserInfo(308) - User information received.
2021-03-27 16:13:56 INFO  ApacheHttpClient.startGA(35) - GAService started.
2021-03-27 16:13:56 INFO  AbstractRestApiClient.startService(71) - EventsService started.
2021-03-27 16:14:57 INFO  ApacheHttpClient.sendEvent(527) - responseCode = 200
2021-03-27 16:15:57 INFO  ApacheHttpClient.sendEvent(527) - responseCode = 200
2021-03-27 16:16:57 INFO  ApacheHttpClient.sendEvent(527) - responseCode = 200
2021-03-27 16:17:57 INFO  ApacheHttpClient.sendEvent(527) - responseCode = 200
2021-03-27 16:18:57 INFO  ApacheHttpClient.sendEvent(527) - responseCode = 200
2021-03-27 16:19:57 INFO  ApacheHttpClient.sendEvent(527) - responseCode = 200
2021-03-27 16:20:57 INFO  ApacheHttpClient.sendEvent(527) - responseCode = 200
2021-03-27 16:21:57 INFO  ApacheHttpClient.sendEvent(527) - responseCode = 200
2021-03-27 16:22:57 INFO  ApacheHttpClient.sendEvent(527) - responseCode = 200
2021-03-27 16:23:57 INFO  ApacheHttpClient.sendEvent(527) - responseCode = 200
2021-03-27 16:24:57 INFO  ApacheHttpClient.sendEvent(527) - responseCode = 200
2021-03-27 16:25:57 INFO  ApacheHttpClient.sendEvent(527) - responseCode = 200
2021-03-27 16:26:57 INFO  ApacheHttpClient.sendEvent(527) - responseCode = 200
2021-03-27 16:27:06 INFO  ApacheHttpClient.getWebResourceAsStream(494) - responseCode = 200
2021-03-27 16:27:07 INFO  ApacheHttpClient.completed(28) - responseCode = 200
2021-03-27 16:27:08 INFO  ApacheHttpClient.getTask(480) - responseCode = 200
2021-03-27 16:27:08 INFO  ApacheHttpClient.getTask(480) - responseCode = 200
2021-03-27 16:27:57 INFO  ApacheHttpClient.sendEvent(527) - responseCode = 200
2021-03-27 16:28:57 INFO  ApacheHttpClient.sendEvent(527) - responseCode = 200
2021-03-27 16:29:57 INFO  ApacheHttpClient.sendEvent(527) - responseCode = 200
2021-03-27 16:30:57 INFO  ApacheHttpClient.sendEvent(527) - responseCode = 200
2021-03-27 16:31:13 INFO  ApacheHttpClient.getWebResourceAsStream(494) - responseCode = 200
2021-03-27 16:31:15 INFO  ApacheHttpClient.getFilteredTasks(333) - responseCode = 200
2021-03-27 16:31:52 INFO  ProjectStartupHandler.projectClosing(153) - ---------- Project closed ----------

2021-03-27 16:31:52 INFO  ApacheHttpClient.getTask(480) - responseCode = 200
2021-03-27 16:31:52 INFO  PluginProjectService.dispose(42) - PluginProjectService disposed.
2021-03-27 16:32:03 INFO  ProjectStartupHandler.runActivity(72) - ---------- Project opened ----------
2021-03-27 16:32:03 INFO  ProjectStartupHandler.runActivity(73) - ---------- Version 3.45 ----------

2021-03-27 16:32:04 INFO  ApacheHttpClient.isSessionAppropriateWithSecretKey(594) - Waiting for server response.
2021-03-27 16:32:04 INFO  ApacheHttpClient.isSessionAppropriateWithSecretKey(594) - Waiting for server response.
2021-03-27 16:32:04 INFO  ApacheHttpClient.isSessionAppropriateWithSecretKey(594) - Waiting for server response.
2021-03-27 16:32:04 INFO  ApacheHttpClient.isSessionAppropriateWithSecretKey(594) - Waiting for server response.
2021-03-27 16:32:04 INFO  ApacheHttpClient.refreshUserInfo(302) - responseCode = 200
2021-03-27 16:32:04 INFO  ApacheHttpClient.refreshUserInfo(308) - User information received.
2021-03-27 16:32:04 INFO  ApacheHttpClient.startGA(35) - GAService started.
2021-03-27 16:32:04 INFO  AbstractRestApiClient.startService(71) - EventsService started.
2021-03-27 16:33:05 INFO  ApacheHttpClient.sendEvent(527) - responseCode = 200
2021-03-27 16:34:05 INFO  ApacheHttpClient.sendEvent(527) - responseCode = 200
2021-03-27 16:35:05 INFO  ApacheHttpClient.sendEvent(527) - responseCode = 200
2021-03-27 16:36:05 INFO  ApacheHttpClient.sendEvent(527) - responseCode = 200
2021-03-27 16:37:05 INFO  ApacheHttpClient.sendEvent(527) - responseCode = 200
2021-03-27 16:38:05 INFO  ApacheHttpClient.sendEvent(527) - responseCode = 200
2021-03-27 16:39:05 INFO  ApacheHttpClient.sendEvent(527) - responseCode = 200
2021-03-27 16:40:05 INFO  ApacheHttpClient.sendEvent(527) - responseCode = 200
2021-03-27 16:41:05 INFO  ApacheHttpClient.sendEvent(527) - responseCode = 200
2021-03-27 16:42:05 INFO  ApacheHttpClient.sendEvent(527) - responseCode = 200
2021-03-27 16:43:05 INFO  ApacheHttpClient.sendEvent(527) - responseCode = 200
2021-03-27 16:44:05 INFO  ApacheHttpClient.sendEvent(527) - responseCode = 200
2021-03-27 16:45:05 INFO  ApacheHttpClient.sendEvent(527) - responseCode = 200
2021-03-27 16:46:05 INFO  ApacheHttpClient.sendEvent(527) - responseCode = 200
2021-03-27 16:47:05 INFO  ApacheHttpClient.sendEvent(527) - responseCode = 200
2021-03-27 16:48:05 INFO  ApacheHttpClient.sendEvent(527) - responseCode = 200
2021-03-27 16:49:05 INFO  ApacheHttpClient.sendEvent(527) - responseCode = 200
2021-03-27 16:50:05 INFO  ApacheHttpClient.sendEvent(527) - responseCode = 200
2021-03-27 16:51:05 INFO  ApacheHttpClient.sendEvent(527) - responseCode = 200
2021-03-27 16:52:05 INFO  ApacheHttpClient.sendEvent(527) - responseCode = 200
2021-03-27 16:53:05 INFO  ApacheHttpClient.sendEvent(527) - responseCode = 200
2021-03-27 16:53:20 INFO  ApacheHttpClient.getWebResourceAsStream(494) - responseCode = 200
2021-03-27 16:53:21 INFO  ApacheHttpClient.getFilteredTasks(333) - responseCode = 200
2021-03-27 16:53:52 INFO  ApacheHttpClient.getTaskTemplateInfo(350) - responseCode = 200
2021-03-27 16:54:05 INFO  ApacheHttpClient.sendEvent(527) - responseCode = 200
2021-03-27 16:54:42 INFO  ProjectStartupHandler.projectClosing(153) - ---------- Project closed ----------

2021-03-27 16:54:42 INFO  ApacheHttpClient.getTask(480) - responseCode = 200
2021-03-27 16:54:42 INFO  PluginProjectService.dispose(42) - PluginProjectService disposed.
2021-03-27 16:54:54 INFO  ProjectStartupHandler.runActivity(72) - ---------- Project opened ----------
2021-03-27 16:54:54 INFO  ProjectStartupHandler.runActivity(73) - ---------- Version 3.45 ----------

2021-03-27 16:54:54 INFO  ApacheHttpClient.isSessionAppropriateWithSecretKey(594) - Waiting for server response.
2021-03-27 16:54:54 INFO  ApacheHttpClient.isSessionAppropriateWithSecretKey(594) - Waiting for server response.
2021-03-27 16:54:54 INFO  ApacheHttpClient.isSessionAppropriateWithSecretKey(594) - Waiting for server response.
2021-03-27 16:54:54 INFO  ApacheHttpClient.isSessionAppropriateWithSecretKey(594) - Waiting for server response.
2021-03-27 16:54:55 INFO  ApacheHttpClient.refreshUserInfo(302) - responseCode = 200
2021-03-27 16:54:55 INFO  ApacheHttpClient.refreshUserInfo(308) - User information received.
2021-03-27 16:54:55 INFO  ApacheHttpClient.startGA(35) - GAService started.
2021-03-27 16:54:55 INFO  AbstractRestApiClient.startService(71) - EventsService started.
2021-03-27 16:55:56 INFO  ApacheHttpClient.sendEvent(527) - responseCode = 200
2021-03-27 16:56:55 INFO  ApacheHttpClient.sendEvent(527) - responseCode = 200
2021-03-27 16:57:55 INFO  ApacheHttpClient.sendEvent(527) - responseCode = 200
2021-03-27 16:58:55 INFO  ApacheHttpClient.sendEvent(527) - responseCode = 200
2021-03-27 16:59:55 INFO  ApacheHttpClient.sendEvent(527) - responseCode = 200
2021-03-27 17:00:23 INFO  ApacheHttpClient.getWebResourceAsStream(494) - responseCode = 200
2021-03-27 17:00:26 INFO  ApacheHttpClient.resetTask(321) - responseCode = 200
2021-03-27 17:00:27 INFO  ApacheHttpClient.getTask(480) - responseCode = 200
2021-03-27 17:00:27 INFO  ApacheHttpClient.getTaskTemplateInfo(350) - responseCode = 200
2021-03-27 17:01:02 INFO  ProjectStartupHandler.runActivity(72) - ---------- Project opened ----------
2021-03-27 17:01:02 INFO  ProjectStartupHandler.runActivity(73) - ---------- Version 3.45 ----------

2021-03-27 17:01:02 INFO  ApacheHttpClient.isSessionAppropriateWithSecretKey(594) - Waiting for server response.
2021-03-27 17:01:03 INFO  ApacheHttpClient.isSessionAppropriateWithSecretKey(594) - Waiting for server response.
2021-03-27 17:01:03 INFO  ApacheHttpClient.isSessionAppropriateWithSecretKey(594) - Waiting for server response.
2021-03-27 17:01:03 INFO  ApacheHttpClient.isSessionAppropriateWithSecretKey(594) - Waiting for server response.
2021-03-27 17:01:03 INFO  ApacheHttpClient.refreshUserInfo(302) - responseCode = 200
2021-03-27 17:01:03 INFO  ApacheHttpClient.refreshUserInfo(308) - User information received.
2021-03-27 17:01:03 INFO  ApacheHttpClient.startGA(35) - GAService started.
2021-03-27 17:01:03 INFO  AbstractRestApiClient.startService(71) - EventsService started.
2021-03-27 17:01:59 INFO  ProjectStartupHandler.runActivity(72) - ---------- Project opened ----------
2021-03-27 17:01:59 INFO  ProjectStartupHandler.runActivity(73) - ---------- Version 3.45 ----------

2021-03-27 17:01:59 INFO  ApacheHttpClient.isSessionAppropriateWithSecretKey(594) - Waiting for server response.
2021-03-27 17:01:59 INFO  ApacheHttpClient.isSessionAppropriateWithSecretKey(594) - Waiting for server response.
2021-03-27 17:01:59 INFO  ApacheHttpClient.isSessionAppropriateWithSecretKey(594) - Waiting for server response.
2021-03-27 17:02:00 INFO  ApacheHttpClient.isSessionAppropriateWithSecretKey(594) - Waiting for server response.
2021-03-27 17:02:00 INFO  ApacheHttpClient.refreshUserInfo(302) - responseCode = 200
2021-03-27 17:02:00 INFO  ApacheHttpClient.refreshUserInfo(308) - User information received.
2021-03-27 17:02:00 INFO  ApacheHttpClient.startGA(35) - GAService started.
2021-03-27 17:02:00 INFO  AbstractRestApiClient.startService(71) - EventsService started.
2021-03-27 17:03:01 INFO  ApacheHttpClient.sendEvent(527) - responseCode = 200
2021-03-27 17:04:00 INFO  ApacheHttpClient.sendEvent(527) - responseCode = 200
2021-03-27 17:05:00 INFO  ApacheHttpClient.sendEvent(527) - responseCode = 200
2021-03-27 17:06:00 INFO  ApacheHttpClient.sendEvent(527) - responseCode = 200
2021-03-27 17:07:01 INFO  ApacheHttpClient.sendEvent(527) - responseCode = 200
2021-03-27 17:08:00 INFO  ApacheHttpClient.sendEvent(527) - responseCode = 200
2021-03-27 17:09:01 INFO  ApacheHttpClient.sendEvent(527) - responseCode = 200
2021-03-27 17:09:39 INFO  ApacheHttpClient.getWebResourceAsStream(494) - responseCode = 200
2021-03-27 17:09:41 INFO  ApacheHttpClient.getTask(480) - responseCode = 200
2021-03-27 17:09:41 INFO  ApacheHttpClient.completed(28) - responseCode = 200
2021-03-27 17:09:41 INFO  ApacheHttpClient.getTask(480) - responseCode = 200
2021-03-27 17:10:01 INFO  ApacheHttpClient.sendEvent(527) - responseCode = 200
2021-03-27 17:10:42 INFO  ApacheHttpClient.getWebResourceAsStream(494) - responseCode = 200
2021-03-27 17:10:43 INFO  ApacheHttpClient.getFilteredTasks(333) - responseCode = 200
2021-03-27 17:11:01 INFO  ApacheHttpClient.sendEvent(527) - responseCode = 200
2021-03-27 17:11:15 INFO  ApacheHttpClient.getTaskTemplateInfo(350) - responseCode = 200
2021-03-27 17:12:01 INFO  ApacheHttpClient.sendEvent(527) - responseCode = 200
2021-03-27 17:13:01 INFO  ApacheHttpClient.sendEvent(527) - responseCode = 200
2021-03-27 17:14:01 INFO  ApacheHttpClient.sendEvent(527) - responseCode = 200
2021-03-27 17:15:00 INFO  ApacheHttpClient.sendEvent(527) - responseCode = 200
2021-03-27 17:16:00 INFO  ApacheHttpClient.sendEvent(527) - responseCode = 200
2021-03-27 17:17:00 INFO  ApacheHttpClient.getWebResourceAsStream(494) - responseCode = 200
2021-03-27 17:17:01 INFO  ApacheHttpClient.sendEvent(527) - responseCode = 200
2021-03-27 17:17:01 INFO  ApacheHttpClient.getTask(480) - responseCode = 200
2021-03-27 17:17:03 INFO  ApacheHttpClient.completed(28) - responseCode = 200
2021-03-27 17:17:03 INFO  ApacheHttpClient.getTask(480) - responseCode = 200
2021-03-27 17:18:00 INFO  ApacheHttpClient.sendEvent(527) - responseCode = 200
2021-03-27 17:19:01 INFO  ApacheHttpClient.sendEvent(527) - responseCode = 200
2021-03-27 17:20:01 INFO  ApacheHttpClient.sendEvent(527) - responseCode = 200
2021-03-28 00:40:03 INFO  ProjectStartupHandler.runActivity(72) - ---------- Project opened ----------
2021-03-28 00:40:03 INFO  ProjectStartupHandler.runActivity(73) - ---------- Version 3.45 ----------

2021-03-28 00:40:03 INFO  ApacheHttpClient.isSessionAppropriateWithSecretKey(594) - Waiting for server response.
2021-03-28 00:40:03 INFO  ApacheHttpClient.isSessionAppropriateWithSecretKey(594) - Waiting for server response.
2021-03-28 00:40:03 INFO  ApacheHttpClient.isSessionAppropriateWithSecretKey(594) - Waiting for server response.
2021-03-28 00:40:04 INFO  ApacheHttpClient.isSessionAppropriateWithSecretKey(594) - Waiting for server response.
2021-03-28 00:40:04 INFO  ApacheHttpClient.isSessionAppropriateWithSecretKey(594) - Waiting for server response.
2021-03-28 00:40:04 INFO  ApacheHttpClient.refreshUserInfo(302) - responseCode = 200
2021-03-28 00:40:04 INFO  ApacheHttpClient.refreshUserInfo(308) - User information received.
2021-03-28 00:40:04 INFO  ApacheHttpClient.startGA(35) - GAService started.
2021-03-28 00:40:04 INFO  AbstractRestApiClient.startService(71) - EventsService started.
2021-03-28 00:41:05 INFO  ApacheHttpClient.sendEvent(527) - responseCode = 200
2021-03-28 00:42:05 INFO  ApacheHttpClient.sendEvent(527) - responseCode = 200
2021-03-28 00:42:34 INFO  ApacheHttpClient.getWebResourceAsStream(494) - responseCode = 200
2021-03-28 00:42:35 INFO  ApacheHttpClient.getFilteredTasks(333) - responseCode = 200
2021-03-28 00:43:01 INFO  ApacheHttpClient.getTaskTemplateInfo(350) - responseCode = 200
2021-03-28 00:43:05 INFO  ApacheHttpClient.sendEvent(527) - responseCode = 200
2021-03-28 00:44:05 INFO  ApacheHttpClient.sendEvent(527) - responseCode = 200
2021-03-28 00:45:05 INFO  ApacheHttpClient.sendEvent(527) - responseCode = 200
2021-03-28 00:46:05 INFO  ApacheHttpClient.sendEvent(527) - responseCode = 200
2021-03-28 00:47:05 INFO  ApacheHttpClient.sendEvent(527) - responseCode = 200
2021-03-28 00:48:05 INFO  ApacheHttpClient.sendEvent(527) - responseCode = 200
2021-03-28 00:49:05 INFO  ApacheHttpClient.sendEvent(527) - responseCode = 200
2021-03-28 00:49:47 INFO  ApacheHttpClient.getWebResourceAsStream(494) - responseCode = 200
2021-03-28 00:49:49 INFO  ApacheHttpClient.getTask(480) - responseCode = 200
2021-03-28 00:49:49 INFO  ApacheHttpClient.completed(28) - responseCode = 200
2021-03-28 00:49:49 INFO  ApacheHttpClient.getTask(480) - responseCode = 200
2021-03-28 00:50:05 INFO  ApacheHttpClient.sendEvent(527) - responseCode = 200
2021-03-28 00:51:05 INFO  ApacheHttpClient.sendEvent(527) - responseCode = 200
2021-03-28 00:52:05 INFO  ApacheHttpClient.sendEvent(527) - responseCode = 200
2021-03-28 00:52:28 INFO  ApacheHttpClient.getWebResourceAsStream(494) - responseCode = 200
2021-03-28 00:52:29 INFO  ApacheHttpClient.getFilteredTasks(333) - responseCode = 200
2021-03-28 00:52:48 INFO  ApacheHttpClient.getTaskTemplateInfo(350) - responseCode = 200
2021-03-28 00:53:05 INFO  ApacheHttpClient.sendEvent(527) - responseCode = 200
2021-03-28 00:54:05 INFO  ApacheHttpClient.sendEvent(527) - responseCode = 200
2021-03-28 00:55:05 INFO  ApacheHttpClient.sendEvent(527) - responseCode = 200
2021-03-28 00:56:05 INFO  ApacheHttpClient.sendEvent(527) - responseCode = 200
2021-03-28 00:57:05 INFO  ApacheHttpClient.sendEvent(527) - responseCode = 200
2021-03-28 00:58:05 INFO  ApacheHttpClient.sendEvent(527) - responseCode = 200
2021-03-28 00:58:25 INFO  ApacheHttpClient.getWebResourceAsStream(494) - responseCode = 200
2021-03-28 00:58:27 INFO  ApacheHttpClient.completed(28) - responseCode = 200
2021-03-28 00:58:27 INFO  ApacheHttpClient.getTask(480) - responseCode = 200
2021-03-28 00:58:28 INFO  ApacheHttpClient.getTask(480) - responseCode = 200
2021-03-28 00:59:05 INFO  ApacheHttpClient.sendEvent(527) - responseCode = 200
2021-03-28 01:00:05 INFO  ApacheHttpClient.sendEvent(527) - responseCode = 200
2021-03-28 01:00:09 INFO  ApacheHttpClient.getWebResourceAsStream(494) - responseCode = 200
2021-03-28 01:00:10 INFO  ApacheHttpClient.getFilteredTasks(333) - responseCode = 200
2021-03-28 01:00:23 INFO  ApacheHttpClient.getTaskTemplateInfo(350) - responseCode = 200
2021-03-28 01:01:05 INFO  ApacheHttpClient.sendEvent(527) - responseCode = 200
2021-03-28 01:02:05 INFO  ApacheHttpClient.sendEvent(527) - responseCode = 200
2021-03-28 01:02:46 INFO  ApacheHttpClient.getWebResourceAsStream(494) - responseCode = 200
2021-03-28 01:02:48 INFO  ApacheHttpClient.completed(28) - responseCode = 200
2021-03-28 01:02:48 INFO  ApacheHttpClient.getTask(480) - responseCode = 200
2021-03-28 01:02:48 INFO  ApacheHttpClient.getTask(480) - responseCode = 200
2021-03-28 01:03:05 INFO  ApacheHttpClient.sendEvent(527) - responseCode = 200
2021-03-28 01:04:05 INFO  ApacheHttpClient.sendEvent(527) - responseCode = 200
2021-03-28 01:04:07 INFO  ApacheHttpClient.getWebResourceAsStream(494) - responseCode = 200
2021-03-28 01:04:08 INFO  ApacheHttpClient.getFilteredTasks(333) - responseCode = 200
2021-03-28 01:04:15 INFO  ApacheHttpClient.getTaskTemplateInfo(350) - responseCode = 200
2021-03-28 01:05:05 INFO  ApacheHttpClient.sendEvent(527) - responseCode = 200
2021-03-28 01:06:05 INFO  ApacheHttpClient.sendEvent(527) - responseCode = 200
2021-03-28 01:06:38 INFO  ApacheHttpClient.getWebResourceAsStream(494) - responseCode = 200
2021-03-28 01:06:40 INFO  ApacheHttpClient.getTask(480) - responseCode = 200
2021-03-28 01:06:40 INFO  ApacheHttpClient.completed(28) - responseCode = 200
2021-03-28 01:06:41 INFO  ApacheHttpClient.getTask(480) - responseCode = 200
2021-03-28 01:07:05 INFO  ApacheHttpClient.sendEvent(527) - responseCode = 200
2021-03-28 01:08:01 INFO  ApacheHttpClient.getWebResourceAsStream(494) - responseCode = 200
2021-03-28 01:08:02 INFO  ApacheHttpClient.getFilteredTasks(333) - responseCode = 200
2021-03-28 01:08:05 INFO  ApacheHttpClient.sendEvent(527) - responseCode = 200
2021-03-28 01:08:12 INFO  ApacheHttpClient.getTaskTemplateInfo(350) - responseCode = 200
2021-03-28 01:09:05 INFO  ApacheHttpClient.sendEvent(527) - responseCode = 200
2021-03-28 01:10:05 INFO  ApacheHttpClient.sendEvent(527) - responseCode = 200
2021-03-28 01:11:05 INFO  ApacheHttpClient.sendEvent(527) - responseCode = 200
2021-03-28 01:11:09 INFO  ApacheHttpClient.getWebResourceAsStream(494) - responseCode = 200
2021-03-28 01:11:11 INFO  ApacheHttpClient.getTask(480) - responseCode = 200
2021-03-28 01:11:11 INFO  ApacheHttpClient.completed(28) - responseCode = 200
2021-03-28 01:11:12 INFO  ApacheHttpClient.getTask(480) - responseCode = 200
2021-03-28 01:12:05 INFO  ApacheHttpClient.sendEvent(527) - responseCode = 200
2021-03-28 01:13:00 INFO  ProjectStartupHandler.projectClosing(153) - ---------- Project closed ----------

2021-03-28 01:13:01 INFO  ApacheHttpClient.getTask(480) - responseCode = 200
2021-03-28 01:13:01 INFO  ApacheHttpClient.getTask(480) - responseCode = 200
2021-03-28 01:13:02 INFO  ApacheHttpClient.getTask(480) - responseCode = 200
2021-03-28 01:13:02 INFO  ApacheHttpClient.getTask(480) - responseCode = 200
2021-03-28 01:13:02 INFO  ApacheHttpClient.getTask(480) - responseCode = 200
2021-03-28 01:13:02 INFO  PluginProjectService.dispose(42) - PluginProjectService disposed.
2021-03-28 10:23:11 INFO  ProjectStartupHandler.runActivity(72) - ---------- Project opened ----------
2021-03-28 10:23:11 INFO  ProjectStartupHandler.runActivity(73) - ---------- Version 3.45 ----------

2021-03-28 10:23:12 INFO  ApacheHttpClient.isSessionAppropriateWithSecretKey(594) - Waiting for server response.
2021-03-28 10:23:12 INFO  ApacheHttpClient.isSessionAppropriateWithSecretKey(594) - Waiting for server response.
2021-03-28 10:23:12 INFO  ApacheHttpClient.isSessionAppropriateWithSecretKey(594) - Waiting for server response.
2021-03-28 10:23:12 INFO  ApacheHttpClient.isSessionAppropriateWithSecretKey(594) - Waiting for server response.
2021-03-28 10:23:13 INFO  ApacheHttpClient.refreshUserInfo(302) - responseCode = 200
2021-03-28 10:23:13 INFO  ApacheHttpClient.refreshUserInfo(308) - User information received.
2021-03-28 10:23:13 INFO  ApacheHttpClient.startGA(35) - GAService started.
2021-03-28 10:23:13 INFO  AbstractRestApiClient.startService(71) - EventsService started.
2021-03-28 10:23:48 INFO  ApacheHttpClient.getWebResourceAsStream(494) - responseCode = 200
2021-03-28 10:23:49 INFO  ApacheHttpClient.getFilteredTasks(333) - responseCode = 200
2021-03-28 10:24:12 INFO  ApacheHttpClient.getTaskTemplateInfo(350) - responseCode = 200
2021-03-28 10:24:13 INFO  ApacheHttpClient.sendEvent(527) - responseCode = 200
2021-03-28 10:25:13 INFO  ApacheHttpClient.sendEvent(527) - responseCode = 200
2021-03-28 10:26:13 INFO  ApacheHttpClient.sendEvent(527) - responseCode = 200
2021-03-28 10:27:13 INFO  ApacheHttpClient.sendEvent(527) - responseCode = 200
2021-03-28 10:28:13 INFO  ApacheHttpClient.sendEvent(527) - responseCode = 200
2021-03-28 10:28:35 INFO  ApacheHttpClient.getWebResourceAsStream(494) - responseCode = 200
2021-03-28 10:28:36 INFO  ApacheHttpClient.getTask(480) - responseCode = 200
2021-03-28 10:28:37 INFO  ApacheHttpClient.completed(28) - responseCode = 200
2021-03-28 10:28:38 INFO  ApacheHttpClient.getTask(480) - responseCode = 200
2021-03-28 10:29:13 INFO  ApacheHttpClient.sendEvent(527) - responseCode = 200
2021-03-28 10:30:13 INFO  ApacheHttpClient.sendEvent(527) - responseCode = 200
2021-03-28 10:30:55 INFO  ApacheHttpClient.getWebResourceAsStream(494) - responseCode = 200
2021-03-28 10:30:56 INFO  ApacheHttpClient.getFilteredTasks(333) - responseCode = 200
2021-03-28 10:31:08 INFO  ApacheHttpClient.getTaskTemplateInfo(350) - responseCode = 200
2021-03-28 10:31:13 INFO  ApacheHttpClient.sendEvent(527) - responseCode = 200
2021-03-28 10:32:13 INFO  ApacheHttpClient.sendEvent(527) - responseCode = 200
2021-03-28 10:33:13 INFO  ApacheHttpClient.sendEvent(527) - responseCode = 200
2021-03-28 10:34:13 INFO  ApacheHttpClient.sendEvent(527) - responseCode = 200
2021-03-28 10:35:13 INFO  ApacheHttpClient.sendEvent(527) - responseCode = 200
2021-03-28 10:36:13 INFO  ApacheHttpClient.sendEvent(527) - responseCode = 200
2021-03-28 10:37:13 INFO  ApacheHttpClient.sendEvent(527) - responseCode = 200
2021-03-28 10:38:13 INFO  ApacheHttpClient.sendEvent(527) - responseCode = 200
2021-03-28 10:39:13 INFO  ApacheHttpClient.sendEvent(527) - responseCode = 200
2021-03-28 10:40:13 INFO  ApacheHttpClient.sendEvent(527) - responseCode = 200
2021-03-28 10:41:13 INFO  ApacheHttpClient.sendEvent(527) - responseCode = 200
2021-03-28 10:42:13 INFO  ApacheHttpClient.sendEvent(527) - responseCode = 200
2021-03-28 10:43:13 INFO  ApacheHttpClient.sendEvent(527) - responseCode = 200
2021-03-28 10:43:46 INFO  ApacheHttpClient.getWebResourceAsStream(494) - responseCode = 200
2021-03-28 10:43:48 INFO  ApacheHttpClient.getTask(480) - responseCode = 200
2021-03-28 10:43:48 INFO  ApacheHttpClient.completed(28) - responseCode = 200
2021-03-28 10:43:49 INFO  ApacheHttpClient.getTask(480) - responseCode = 200
2021-03-28 10:44:13 INFO  ApacheHttpClient.sendEvent(527) - responseCode = 200
2021-03-28 10:45:13 INFO  ApacheHttpClient.sendEvent(527) - responseCode = 200
2021-03-28 10:46:13 INFO  ApacheHttpClient.sendEvent(527) - responseCode = 200
2021-03-28 10:46:25 INFO  ApacheHttpClient.getWebResourceAsStream(494) - responseCode = 200
2021-03-28 10:46:26 INFO  ApacheHttpClient.getFilteredTasks(333) - responseCode = 200
2021-03-28 10:46:39 INFO  ApacheHttpClient.getTaskTemplateInfo(350) - responseCode = 200
2021-03-28 10:47:13 INFO  ApacheHttpClient.sendEvent(527) - responseCode = 200
2021-03-28 10:48:13 INFO  ApacheHttpClient.sendEvent(527) - responseCode = 200
2021-03-28 10:49:13 INFO  ApacheHttpClient.sendEvent(527) - responseCode = 200
2021-03-28 10:50:13 INFO  ApacheHttpClient.sendEvent(527) - responseCode = 200
2021-03-28 10:51:13 INFO  ApacheHttpClient.sendEvent(527) - responseCode = 200
2021-03-28 10:52:13 INFO  ApacheHttpClient.sendEvent(527) - responseCode = 200
2021-03-28 10:53:13 INFO  ApacheHttpClient.sendEvent(527) - responseCode = 200
2021-03-28 10:54:13 INFO  ApacheHttpClient.sendEvent(527) - responseCode = 200
2021-03-28 10:55:13 INFO  ApacheHttpClient.sendEvent(527) - responseCode = 200
2021-03-28 10:56:13 INFO  ApacheHttpClient.sendEvent(527) - responseCode = 200
2021-03-28 10:57:13 INFO  ApacheHttpClient.sendEvent(527) - responseCode = 200
2021-03-28 10:58:09 INFO  ApacheHttpClient.getWebResourceAsStream(494) - responseCode = 200
2021-03-28 10:58:10 INFO  ApacheHttpClient.getFilteredTasks(333) - responseCode = 200
2021-03-28 10:58:13 INFO  ApacheHttpClient.sendEvent(527) - responseCode = 200
2021-03-28 10:58:16 INFO  ApacheHttpClient.getWebResourceAsStream(494) - responseCode = 200
2021-03-28 10:58:18 INFO  ApacheHttpClient.getTask(480) - responseCode = 200
2021-03-28 10:58:18 INFO  ApacheHttpClient.completed(28) - responseCode = 200
2021-03-28 10:59:12 INFO  ProjectStartupHandler.runActivity(72) - ---------- Project opened ----------
2021-03-28 10:59:12 INFO  ProjectStartupHandler.runActivity(73) - ---------- Version 3.45 ----------

2021-03-28 10:59:12 INFO  ApacheHttpClient.isSessionAppropriateWithSecretKey(594) - Waiting for server response.
2021-03-28 10:59:12 INFO  ApacheHttpClient.isSessionAppropriateWithSecretKey(594) - Waiting for server response.
2021-03-28 10:59:13 INFO  ApacheHttpClient.isSessionAppropriateWithSecretKey(594) - Waiting for server response.
2021-03-28 10:59:13 INFO  ApacheHttpClient.isSessionAppropriateWithSecretKey(594) - Waiting for server response.
2021-03-28 10:59:13 INFO  ApacheHttpClient.refreshUserInfo(302) - responseCode = 200
2021-03-28 10:59:13 INFO  ApacheHttpClient.refreshUserInfo(308) - User information received.
2021-03-28 10:59:13 INFO  ApacheHttpClient.startGA(35) - GAService started.
2021-03-28 10:59:13 INFO  AbstractRestApiClient.startService(71) - EventsService started.
2021-03-28 11:00:14 INFO  ApacheHttpClient.sendEvent(527) - responseCode = 200
2021-03-28 11:01:14 INFO  ApacheHttpClient.sendEvent(527) - responseCode = 200
2021-03-28 11:01:21 INFO  ApacheHttpClient.getWebResourceAsStream(494) - responseCode = 200
2021-03-28 11:01:22 INFO  ApacheHttpClient.getTask(480) - responseCode = 200
2021-03-28 11:01:23 INFO  ApacheHttpClient.completed(28) - responseCode = 200
2021-03-28 11:01:24 INFO  ApacheHttpClient.getTask(480) - responseCode = 200
2021-03-28 11:01:41 INFO  ApacheHttpClient.getWebResourceAsStream(494) - responseCode = 200
2021-03-28 11:01:42 INFO  ApacheHttpClient.getFilteredTasks(333) - responseCode = 200
2021-03-28 11:02:14 INFO  ApacheHttpClient.sendEvent(527) - responseCode = 200
2021-03-28 11:02:19 INFO  ApacheHttpClient.getTaskTemplateInfo(350) - responseCode = 200
2021-03-28 11:03:14 INFO  ApacheHttpClient.sendEvent(527) - responseCode = 200
2021-03-28 11:04:14 INFO  ApacheHttpClient.sendEvent(527) - responseCode = 200
2021-03-28 11:05:14 INFO  ApacheHttpClient.sendEvent(527) - responseCode = 200
2021-03-28 11:06:14 INFO  ApacheHttpClient.sendEvent(527) - responseCode = 200
2021-03-28 11:07:14 INFO  ApacheHttpClient.sendEvent(527) - responseCode = 200
2021-03-28 11:08:14 INFO  ApacheHttpClient.sendEvent(527) - responseCode = 200
2021-03-28 11:09:14 INFO  ApacheHttpClient.sendEvent(527) - responseCode = 200
2021-03-28 11:10:14 INFO  ApacheHttpClient.sendEvent(527) - responseCode = 200
2021-03-28 11:11:14 INFO  ApacheHttpClient.sendEvent(527) - responseCode = 200
2021-03-28 11:12:14 INFO  ApacheHttpClient.sendEvent(527) - responseCode = 200
2021-03-28 11:13:14 INFO  ApacheHttpClient.sendEvent(527) - responseCode = 200
2021-03-28 11:14:14 INFO  ApacheHttpClient.sendEvent(527) - responseCode = 200
2021-03-28 11:15:14 INFO  ApacheHttpClient.sendEvent(527) - responseCode = 200
2021-03-28 11:16:14 INFO  ApacheHttpClient.sendEvent(527) - responseCode = 200
2021-03-28 11:16:50 INFO  ApacheHttpClient.getWebResourceAsStream(494) - responseCode = 200
2021-03-28 11:16:52 INFO  ApacheHttpClient.getTask(480) - responseCode = 200
2021-03-28 11:16:52 INFO  ApacheHttpClient.completed(28) - responseCode = 200
2021-03-28 11:16:53 INFO  ApacheHttpClient.getTask(480) - responseCode = 200
2021-03-28 11:17:14 INFO  ApacheHttpClient.sendEvent(527) - responseCode = 200
2021-03-28 11:18:14 INFO  ApacheHttpClient.sendEvent(527) - responseCode = 200
2021-03-28 11:19:08 INFO  ApacheHttpClient.getWebResourceAsStream(494) - responseCode = 200
2021-03-28 11:19:10 INFO  ApacheHttpClient.getFilteredTasks(333) - responseCode = 200
2021-03-28 11:19:14 INFO  ApacheHttpClient.sendEvent(527) - responseCode = 200
2021-03-28 11:19:20 INFO  ApacheHttpClient.getTaskTemplateInfo(350) - responseCode = 200
2021-03-28 11:20:14 INFO  ApacheHttpClient.sendEvent(527) - responseCode = 200
2021-03-28 11:21:14 INFO  ApacheHttpClient.sendEvent(527) - responseCode = 200
2021-03-28 11:22:14 INFO  ApacheHttpClient.sendEvent(527) - responseCode = 200
2021-03-28 11:23:14 INFO  ApacheHttpClient.sendEvent(527) - responseCode = 200
2021-03-28 11:24:14 INFO  ApacheHttpClient.sendEvent(527) - responseCode = 200
2021-03-28 11:25:44 INFO  ApacheHttpClient.sendEvent(527) - responseCode = 200
2021-03-28 11:26:14 INFO  ApacheHttpClient.sendEvent(527) - responseCode = 200
2021-03-28 11:27:14 INFO  ApacheHttpClient.sendEvent(527) - responseCode = 200
2021-03-28 11:28:14 INFO  ApacheHttpClient.sendEvent(527) - responseCode = 200
2021-03-28 11:29:14 INFO  ApacheHttpClient.sendEvent(527) - responseCode = 200
2021-03-28 11:30:14 INFO  ApacheHttpClient.sendEvent(527) - responseCode = 200
2021-03-28 11:31:14 INFO  ApacheHttpClient.sendEvent(527) - responseCode = 200
2021-03-28 11:32:14 INFO  ApacheHttpClient.sendEvent(527) - responseCode = 200
2021-03-28 11:33:14 INFO  ApacheHttpClient.sendEvent(527) - responseCode = 200
2021-03-28 11:34:14 INFO  ApacheHttpClient.sendEvent(527) - responseCode = 200
2021-03-28 11:35:14 INFO  ApacheHttpClient.sendEvent(527) - responseCode = 200
2021-03-28 11:36:14 INFO  ApacheHttpClient.sendEvent(527) - responseCode = 200
2021-03-28 11:37:14 INFO  ApacheHttpClient.sendEvent(527) - responseCode = 200
2021-03-28 11:38:14 INFO  ApacheHttpClient.sendEvent(527) - responseCode = 200
2021-03-28 11:39:14 INFO  ApacheHttpClient.sendEvent(527) - responseCode = 200
2021-03-28 11:40:14 INFO  ApacheHttpClient.sendEvent(527) - responseCode = 200
2021-03-28 11:41:14 INFO  ApacheHttpClient.sendEvent(527) - responseCode = 200
2021-03-28 11:41:53 INFO  ApacheHttpClient.getWebResourceAsStream(494) - responseCode = 200
2021-03-28 11:41:53 INFO  ApacheHttpClient.getTask(480) - responseCode = 200
2021-03-28 11:41:55 INFO  ApacheHttpClient.completed(28) - responseCode = 200
2021-03-28 11:42:14 INFO  ApacheHttpClient.sendEvent(527) - responseCode = 200
2021-03-28 11:43:02 INFO  ApacheHttpClient.getWebResourceAsStream(494) - responseCode = 200
2021-03-28 11:43:03 INFO  ApacheHttpClient.getTask(480) - responseCode = 200
2021-03-28 11:43:04 INFO  ApacheHttpClient.completed(28) - responseCode = 200
2021-03-28 11:43:05 INFO  ApacheHttpClient.getTask(480) - responseCode = 200
2021-03-28 11:43:14 INFO  ApacheHttpClient.sendEvent(527) - responseCode = 200
2021-03-28 11:43:18 INFO  ApacheHttpClient.getWebResourceAsStream(494) - responseCode = 200
2021-03-28 11:43:19 INFO  ApacheHttpClient.getFilteredTasks(333) - responseCode = 200
2021-03-28 11:43:35 INFO  ProjectStartupHandler.runActivity(72) - ---------- Project opened ----------
2021-03-28 11:43:35 INFO  ProjectStartupHandler.runActivity(73) - ---------- Version 3.45 ----------

2021-03-28 11:43:36 INFO  ApacheHttpClient.isSessionAppropriateWithSecretKey(594) - Waiting for server response.
2021-03-28 11:43:36 INFO  ApacheHttpClient.isSessionAppropriateWithSecretKey(594) - Waiting for server response.
2021-03-28 11:43:36 INFO  ApacheHttpClient.isSessionAppropriateWithSecretKey(594) - Waiting for server response.
2021-03-28 11:43:36 INFO  ApacheHttpClient.isSessionAppropriateWithSecretKey(594) - Waiting for server response.
2021-03-28 11:43:36 INFO  ApacheHttpClient.refreshUserInfo(302) - responseCode = 200
2021-03-28 11:43:36 INFO  ApacheHttpClient.refreshUserInfo(308) - User information received.
2021-03-28 11:43:36 INFO  ApacheHttpClient.startGA(35) - GAService started.
2021-03-28 11:43:36 INFO  AbstractRestApiClient.startService(71) - EventsService started.
2021-03-28 11:43:56 INFO  ApacheHttpClient.getWebResourceAsStream(494) - responseCode = 200
2021-03-28 11:43:58 INFO  ApacheHttpClient.getFilteredTasks(333) - responseCode = 200
2021-03-28 11:44:09 INFO  ApacheHttpClient.getTaskTemplateInfo(350) - responseCode = 200
2021-03-28 11:44:37 INFO  ApacheHttpClient.sendEvent(527) - responseCode = 200
2021-03-28 11:45:37 INFO  ApacheHttpClient.sendEvent(527) - responseCode = 200
2021-03-28 11:46:37 INFO  ApacheHttpClient.sendEvent(527) - responseCode = 200
2021-03-28 11:47:37 INFO  ApacheHttpClient.sendEvent(527) - responseCode = 200
2021-03-28 11:48:37 INFO  ApacheHttpClient.sendEvent(527) - responseCode = 200
2021-03-28 11:49:37 INFO  ApacheHttpClient.sendEvent(527) - responseCode = 200
2021-03-28 11:50:37 INFO  ApacheHttpClient.sendEvent(527) - responseCode = 200
2021-03-28 11:51:37 INFO  ApacheHttpClient.sendEvent(527) - responseCode = 200
2021-03-28 11:52:37 INFO  ApacheHttpClient.sendEvent(527) - responseCode = 200
2021-03-28 11:53:37 INFO  ApacheHttpClient.sendEvent(527) - responseCode = 200
2021-03-28 11:54:37 INFO  ApacheHttpClient.sendEvent(527) - responseCode = 200
2021-03-28 11:55:37 INFO  ApacheHttpClient.sendEvent(527) - responseCode = 200
2021-03-28 11:56:37 INFO  ApacheHttpClient.sendEvent(527) - responseCode = 200
2021-03-28 11:57:37 INFO  ApacheHttpClient.sendEvent(527) - responseCode = 200
2021-03-28 11:58:37 INFO  ApacheHttpClient.sendEvent(527) - responseCode = 200
2021-03-28 11:59:37 INFO  ApacheHttpClient.sendEvent(527) - responseCode = 200
2021-03-28 12:00:37 INFO  ApacheHttpClient.sendEvent(527) - responseCode = 200
2021-03-28 12:01:37 INFO  ApacheHttpClient.sendEvent(527) - responseCode = 200
2021-03-28 12:02:37 INFO  ApacheHttpClient.sendEvent(527) - responseCode = 200
2021-03-28 12:03:37 INFO  ApacheHttpClient.sendEvent(527) - responseCode = 200
2021-03-28 12:04:37 INFO  ApacheHttpClient.sendEvent(527) - responseCode = 200
2021-03-28 12:05:37 INFO  ApacheHttpClient.sendEvent(527) - responseCode = 200
2021-03-28 12:06:37 INFO  ApacheHttpClient.sendEvent(527) - responseCode = 200
2021-03-28 12:07:32 INFO  ApacheHttpClient.getWebResourceAsStream(494) - responseCode = 200
2021-03-28 12:07:32 INFO  ApacheHttpClient.getTask(480) - responseCode = 200
2021-03-28 12:07:34 INFO  ApacheHttpClient.completed(28) - responseCode = 200
2021-03-28 12:07:34 INFO  ApacheHttpClient.getTask(480) - responseCode = 200
2021-03-28 12:07:37 INFO  ApacheHttpClient.sendEvent(527) - responseCode = 200
2021-03-28 12:08:37 INFO  ApacheHttpClient.sendEvent(527) - responseCode = 200
2021-03-28 12:09:18 INFO  ApacheHttpClient.getWebResourceAsStream(494) - responseCode = 200
2021-03-28 12:09:20 INFO  ApacheHttpClient.getFilteredTasks(333) - responseCode = 200
2021-03-28 12:09:37 INFO  ApacheHttpClient.sendEvent(527) - responseCode = 200
2021-03-28 12:09:40 INFO  ApacheHttpClient.getTaskTemplateInfo(350) - responseCode = 200
2021-03-28 12:10:37 INFO  ApacheHttpClient.sendEvent(527) - responseCode = 200
2021-03-28 12:11:37 INFO  ApacheHttpClient.sendEvent(527) - responseCode = 200
2021-03-28 12:12:37 INFO  ApacheHttpClient.sendEvent(527) - responseCode = 200
2021-03-28 12:13:37 INFO  ApacheHttpClient.sendEvent(527) - responseCode = 200
2021-03-28 12:14:37 INFO  ApacheHttpClient.sendEvent(527) - responseCode = 200
2021-03-28 12:15:37 INFO  ApacheHttpClient.sendEvent(527) - responseCode = 200
2021-03-28 12:16:37 INFO  ApacheHttpClient.sendEvent(527) - responseCode = 200
2021-03-28 12:17:37 INFO  ApacheHttpClient.sendEvent(527) - responseCode = 200
2021-03-28 12:18:37 INFO  ApacheHttpClient.sendEvent(527) - responseCode = 200
2021-03-28 12:19:37 INFO  ApacheHttpClient.sendEvent(527) - responseCode = 200
2021-03-28 12:20:37 INFO  ApacheHttpClient.sendEvent(527) - responseCode = 200
2021-03-28 12:21:37 INFO  ApacheHttpClient.sendEvent(527) - responseCode = 200
2021-03-28 12:22:37 INFO  ApacheHttpClient.sendEvent(527) - responseCode = 200
2021-03-28 12:23:37 INFO  ApacheHttpClient.sendEvent(527) - responseCode = 200
2021-03-28 12:24:37 INFO  ApacheHttpClient.sendEvent(527) - responseCode = 200
2021-03-28 12:25:37 INFO  ApacheHttpClient.sendEvent(527) - responseCode = 200
2021-03-28 12:26:37 INFO  ApacheHttpClient.sendEvent(527) - responseCode = 200
2021-03-28 12:27:37 INFO  ApacheHttpClient.sendEvent(527) - responseCode = 200
2021-03-28 12:28:37 INFO  ApacheHttpClient.sendEvent(527) - responseCode = 200
2021-03-28 12:29:37 INFO  ApacheHttpClient.sendEvent(527) - responseCode = 200
2021-03-28 12:30:37 INFO  ApacheHttpClient.sendEvent(527) - responseCode = 200
2021-03-28 12:31:37 INFO  ApacheHttpClient.sendEvent(527) - responseCode = 200
2021-03-28 12:32:37 INFO  ApacheHttpClient.sendEvent(527) - responseCode = 200
2021-03-28 12:33:37 INFO  ApacheHttpClient.sendEvent(527) - responseCode = 200
2021-03-28 12:34:37 INFO  ApacheHttpClient.sendEvent(527) - responseCode = 200
2021-03-28 12:35:37 INFO  ApacheHttpClient.sendEvent(527) - responseCode = 200
2021-03-28 12:36:37 INFO  ApacheHttpClient.sendEvent(527) - responseCode = 200
2021-03-28 12:37:37 INFO  ApacheHttpClient.sendEvent(527) - responseCode = 200
2021-03-28 12:38:37 INFO  ApacheHttpClient.sendEvent(527) - responseCode = 200
2021-03-28 12:39:37 INFO  ApacheHttpClient.sendEvent(527) - responseCode = 200
2021-03-28 12:40:37 INFO  ApacheHttpClient.sendEvent(527) - responseCode = 200
2021-03-28 12:41:37 INFO  ApacheHttpClient.sendEvent(527) - responseCode = 200
2021-03-28 12:42:37 INFO  ApacheHttpClient.sendEvent(527) - responseCode = 200
2021-03-28 12:43:37 INFO  ApacheHttpClient.sendEvent(527) - responseCode = 200
2021-03-28 12:44:37 INFO  ApacheHttpClient.sendEvent(527) - responseCode = 200
2021-03-28 12:45:37 INFO  ApacheHttpClient.sendEvent(527) - responseCode = 200
2021-03-28 12:46:37 INFO  ApacheHttpClient.sendEvent(527) - responseCode = 200
2021-03-28 12:47:37 INFO  ApacheHttpClient.sendEvent(527) - responseCode = 200
2021-03-28 12:48:37 INFO  ApacheHttpClient.sendEvent(527) - responseCode = 200
2021-03-28 12:49:37 INFO  ApacheHttpClient.sendEvent(527) - responseCode = 200
2021-03-28 12:50:37 INFO  ApacheHttpClient.sendEvent(527) - responseCode = 200
2021-03-28 12:51:37 INFO  ApacheHttpClient.sendEvent(527) - responseCode = 200
2021-03-28 12:52:37 INFO  ApacheHttpClient.sendEvent(527) - responseCode = 200
2021-03-28 12:53:37 INFO  ApacheHttpClient.sendEvent(527) - responseCode = 200
2021-03-28 12:54:37 INFO  ApacheHttpClient.sendEvent(527) - responseCode = 200
2021-03-28 12:55:37 INFO  ApacheHttpClient.sendEvent(527) - responseCode = 200
2021-03-28 12:56:37 INFO  ApacheHttpClient.sendEvent(527) - responseCode = 200
2021-03-28 12:57:37 INFO  ApacheHttpClient.sendEvent(527) - responseCode = 200
2021-03-28 12:58:37 INFO  ApacheHttpClient.sendEvent(527) - responseCode = 200
2021-03-28 12:59:37 INFO  ApacheHttpClient.sendEvent(527) - responseCode = 200
2021-03-28 13:00:37 INFO  ApacheHttpClient.sendEvent(527) - responseCode = 200
2021-03-28 13:01:37 INFO  ApacheHttpClient.sendEvent(527) - responseCode = 200
2021-03-28 13:02:37 INFO  ApacheHttpClient.sendEvent(527) - responseCode = 200
2021-03-28 13:03:37 INFO  ApacheHttpClient.sendEvent(527) - responseCode = 200
2021-03-28 13:04:37 INFO  ApacheHttpClient.sendEvent(527) - responseCode = 200
2021-03-28 13:05:37 INFO  ApacheHttpClient.sendEvent(527) - responseCode = 200
2021-03-28 13:06:15 INFO  ApacheHttpClient.getWebResourceAsStream(494) - responseCode = 200
2021-03-28 13:06:17 INFO  ApacheHttpClient.completed(28) - responseCode = 200
2021-03-28 13:06:18 INFO  ApacheHttpClient.getTask(480) - responseCode = 200
2021-03-28 13:06:18 INFO  ApacheHttpClient.getTask(480) - responseCode = 200
2021-03-28 13:06:37 INFO  ApacheHttpClient.sendEvent(527) - responseCode = 200
2021-03-28 13:07:07 INFO  ApacheHttpClient.getWebResourceAsStream(494) - responseCode = 200
2021-03-28 13:07:09 INFO  ApacheHttpClient.getFilteredTasks(333) - responseCode = 200
2021-03-28 13:07:14 INFO  ApacheHttpClient.getTaskTemplateInfo(350) - responseCode = 200
2021-03-28 13:07:37 INFO  ApacheHttpClient.sendEvent(527) - responseCode = 200
2021-03-28 13:08:37 INFO  ApacheHttpClient.sendEvent(527) - responseCode = 200
2021-03-28 13:09:37 INFO  ApacheHttpClient.sendEvent(527) - responseCode = 200
2021-03-28 13:09:37 INFO  ApacheHttpClient.sendEvent(527) - responseCode = 200
2021-03-28 13:10:37 INFO  ApacheHttpClient.sendEvent(527) - responseCode = 200
2021-03-28 13:11:37 INFO  ApacheHttpClient.sendEvent(527) - responseCode = 200
2021-03-28 13:12:37 INFO  ApacheHttpClient.sendEvent(527) - responseCode = 200
2021-03-28 13:13:37 INFO  ApacheHttpClient.sendEvent(527) - responseCode = 200
2021-03-28 13:14:37 INFO  ApacheHttpClient.sendEvent(527) - responseCode = 200
2021-03-28 13:15:37 INFO  ApacheHttpClient.sendEvent(527) - responseCode = 200
2021-03-28 13:16:37 INFO  ApacheHttpClient.sendEvent(527) - responseCode = 200
2021-03-28 13:17:37 INFO  ApacheHttpClient.sendEvent(527) - responseCode = 200
2021-03-28 13:18:37 INFO  ApacheHttpClient.sendEvent(527) - responseCode = 200
2021-03-28 13:19:37 INFO  ApacheHttpClient.sendEvent(527) - responseCode = 200
2021-03-28 13:20:37 INFO  ApacheHttpClient.sendEvent(527) - responseCode = 200
2021-03-28 13:21:37 INFO  ApacheHttpClient.sendEvent(527) - responseCode = 200
2021-03-28 13:22:37 INFO  ApacheHttpClient.sendEvent(527) - responseCode = 200
2021-03-28 13:23:37 INFO  ApacheHttpClient.sendEvent(527) - responseCode = 200
2021-03-28 13:24:37 INFO  ApacheHttpClient.sendEvent(527) - responseCode = 200
2021-03-28 13:25:37 INFO  ApacheHttpClient.sendEvent(527) - responseCode = 200
2021-03-28 13:26:37 INFO  ApacheHttpClient.sendEvent(527) - responseCode = 200
2021-03-28 13:27:37 INFO  ApacheHttpClient.sendEvent(527) - responseCode = 200
2021-03-28 13:28:37 INFO  ApacheHttpClient.sendEvent(527) - responseCode = 200
2021-03-28 13:29:37 INFO  ApacheHttpClient.sendEvent(527) - responseCode = 200
2021-03-28 13:29:55 INFO  ApacheHttpClient.getWebResourceAsStream(494) - responseCode = 200
2021-03-28 13:29:56 INFO  ApacheHttpClient.getTask(480) - responseCode = 200
2021-03-28 13:29:57 INFO  ApacheHttpClient.completed(28) - responseCode = 200
2021-03-28 13:29:57 INFO  ApacheHttpClient.getTask(480) - responseCode = 200
2021-03-28 13:30:32 INFO  ApacheHttpClient.getWebResourceAsStream(494) - responseCode = 200
2021-03-28 13:30:34 INFO  ApacheHttpClient.getFilteredTasks(333) - responseCode = 200
2021-03-28 13:30:37 INFO  ApacheHttpClient.sendEvent(527) - responseCode = 200
2021-03-28 13:30:41 INFO  ApacheHttpClient.getTaskTemplateInfo(350) - responseCode = 200
2021-03-28 13:31:37 INFO  ApacheHttpClient.sendEvent(527) - responseCode = 200
2021-03-28 13:32:37 INFO  ApacheHttpClient.sendEvent(527) - responseCode = 200
2021-03-28 13:33:37 INFO  ApacheHttpClient.sendEvent(527) - responseCode = 200
2021-03-28 13:34:37 INFO  ApacheHttpClient.sendEvent(527) - responseCode = 200
2021-03-28 13:35:37 INFO  ApacheHttpClient.sendEvent(527) - responseCode = 200
2021-03-28 13:36:37 INFO  ApacheHttpClient.sendEvent(527) - responseCode = 200
2021-03-28 13:37:37 INFO  ApacheHttpClient.sendEvent(527) - responseCode = 200
2021-03-28 13:38:37 INFO  ApacheHttpClient.sendEvent(527) - responseCode = 200
2021-03-28 13:39:37 INFO  ApacheHttpClient.sendEvent(527) - responseCode = 200
2021-03-28 13:40:37 INFO  ApacheHttpClient.sendEvent(527) - responseCode = 200
2021-03-28 13:41:37 INFO  ApacheHttpClient.sendEvent(527) - responseCode = 200
2021-03-28 13:42:37 INFO  ApacheHttpClient.sendEvent(527) - responseCode = 200
2021-03-28 13:43:37 INFO  ApacheHttpClient.sendEvent(527) - responseCode = 200
2021-03-28 13:44:37 INFO  ApacheHttpClient.sendEvent(527) - responseCode = 200
2021-03-28 13:45:37 INFO  ApacheHttpClient.sendEvent(527) - responseCode = 200
2021-03-28 13:46:37 INFO  ApacheHttpClient.sendEvent(527) - responseCode = 200
2021-03-28 13:47:37 INFO  ApacheHttpClient.sendEvent(527) - responseCode = 200
2021-03-28 13:48:37 INFO  ApacheHttpClient.sendEvent(527) - responseCode = 200
2021-03-28 13:49:37 INFO  ApacheHttpClient.sendEvent(527) - responseCode = 200
2021-03-28 13:50:37 INFO  ApacheHttpClient.sendEvent(527) - responseCode = 200
2021-03-28 13:51:37 INFO  ApacheHttpClient.sendEvent(527) - responseCode = 200
2021-03-28 13:52:37 INFO  ApacheHttpClient.sendEvent(527) - responseCode = 200
2021-03-28 13:53:37 INFO  ApacheHttpClient.sendEvent(527) - responseCode = 200
2021-03-28 13:54:37 INFO  ApacheHttpClient.sendEvent(527) - responseCode = 200
2021-03-28 13:55:37 INFO  ApacheHttpClient.sendEvent(527) - responseCode = 200
2021-03-28 13:56:37 INFO  ApacheHttpClient.sendEvent(527) - responseCode = 200
2021-03-28 13:57:37 INFO  ApacheHttpClient.sendEvent(527) - responseCode = 200
2021-03-28 13:58:37 INFO  ApacheHttpClient.sendEvent(527) - responseCode = 200
2021-03-28 13:59:37 INFO  ApacheHttpClient.sendEvent(527) - responseCode = 200
2021-03-28 14:00:37 INFO  ApacheHttpClient.sendEvent(527) - responseCode = 200
2021-03-28 14:01:37 INFO  ApacheHttpClient.sendEvent(527) - responseCode = 200
2021-03-28 14:02:37 INFO  ApacheHttpClient.sendEvent(527) - responseCode = 200
2021-03-28 14:03:37 INFO  ApacheHttpClient.sendEvent(527) - responseCode = 200
2021-03-28 14:04:37 INFO  ApacheHttpClient.sendEvent(527) - responseCode = 200
2021-03-28 14:05:37 INFO  ApacheHttpClient.sendEvent(527) - responseCode = 200
2021-03-28 14:06:37 INFO  ApacheHttpClient.sendEvent(527) - responseCode = 200
2021-03-28 14:07:37 INFO  ApacheHttpClient.sendEvent(527) - responseCode = 200
2021-03-28 14:08:37 INFO  ApacheHttpClient.sendEvent(527) - responseCode = 200
2021-03-28 14:09:37 INFO  ApacheHttpClient.sendEvent(527) - responseCode = 200
2021-03-28 14:10:37 INFO  ApacheHttpClient.sendEvent(527) - responseCode = 200
2021-03-28 14:11:37 INFO  ApacheHttpClient.sendEvent(527) - responseCode = 200
2021-03-28 14:12:37 INFO  ApacheHttpClient.sendEvent(527) - responseCode = 200
2021-03-28 14:13:37 INFO  ApacheHttpClient.sendEvent(527) - responseCode = 200
2021-03-28 14:14:37 INFO  ApacheHttpClient.sendEvent(527) - responseCode = 200
2021-03-28 14:15:37 INFO  ApacheHttpClient.sendEvent(527) - responseCode = 200
2021-03-28 14:16:37 INFO  ApacheHttpClient.sendEvent(527) - responseCode = 200
2021-03-28 14:17:37 INFO  ApacheHttpClient.sendEvent(527) - responseCode = 200
2021-03-28 14:18:37 INFO  ApacheHttpClient.sendEvent(527) - responseCode = 200
2021-03-28 14:19:37 INFO  ApacheHttpClient.sendEvent(527) - responseCode = 200
2021-03-28 14:20:37 INFO  ApacheHttpClient.sendEvent(527) - responseCode = 200
2021-03-28 14:21:37 INFO  ApacheHttpClient.sendEvent(527) - responseCode = 200
2021-03-28 14:22:37 INFO  ApacheHttpClient.sendEvent(527) - responseCode = 200
2021-03-28 14:23:37 INFO  ApacheHttpClient.sendEvent(527) - responseCode = 200
2021-03-28 14:24:37 INFO  ApacheHttpClient.sendEvent(527) - responseCode = 200
2021-03-28 14:25:37 INFO  ApacheHttpClient.sendEvent(527) - responseCode = 200
2021-03-28 14:26:37 INFO  ApacheHttpClient.sendEvent(527) - responseCode = 200
2021-03-28 14:27:37 INFO  ApacheHttpClient.sendEvent(527) - responseCode = 200
2021-03-28 14:28:37 INFO  ApacheHttpClient.sendEvent(527) - responseCode = 200
2021-03-28 14:29:37 INFO  ApacheHttpClient.sendEvent(527) - responseCode = 200
2021-03-28 14:30:37 INFO  ApacheHttpClient.sendEvent(527) - responseCode = 200
2021-03-28 14:31:37 INFO  ApacheHttpClient.sendEvent(527) - responseCode = 200
2021-03-28 14:32:37 INFO  ApacheHttpClient.sendEvent(527) - responseCode = 200
2021-03-28 14:33:37 INFO  ApacheHttpClient.sendEvent(527) - responseCode = 200
2021-03-28 14:33:44 INFO  ApacheHttpClient.getWebResourceAsStream(494) - responseCode = 200
2021-03-28 14:33:45 INFO  ApacheHttpClient.completed(28) - responseCode = 200
2021-03-28 14:33:46 INFO  ApacheHttpClient.getTask(480) - responseCode = 200
2021-03-28 14:34:37 INFO  ApacheHttpClient.sendEvent(527) - responseCode = 200
2021-03-28 14:35:29 INFO  ApacheHttpClient.getWebResourceAsStream(494) - responseCode = 200
2021-03-28 14:35:29 INFO  ApacheHttpClient.getTask(480) - responseCode = 200
2021-03-28 14:35:30 INFO  ApacheHttpClient.completed(28) - responseCode = 200
2021-03-28 14:35:31 INFO  ApacheHttpClient.getTask(480) - responseCode = 200
2021-03-28 14:35:37 INFO  ApacheHttpClient.sendEvent(527) - responseCode = 200
2021-03-28 14:36:37 INFO  ApacheHttpClient.sendEvent(527) - responseCode = 200
2021-03-28 14:37:37 INFO  ApacheHttpClient.sendEvent(527) - responseCode = 200
2021-03-28 14:38:31 INFO  ApacheHttpClient.getWebResourceAsStream(494) - responseCode = 200
2021-03-28 14:38:32 INFO  ApacheHttpClient.getFilteredTasks(333) - responseCode = 200
2021-03-28 14:38:37 INFO  ApacheHttpClient.sendEvent(527) - responseCode = 200
2021-03-28 14:38:41 INFO  ApacheHttpClient.getTaskTemplateInfo(350) - responseCode = 200
2021-03-28 14:38:41 INFO  ApacheHttpClient.getTaskTemplateInfo(350) - responseCode = 200
2021-03-28 14:39:37 INFO  ApacheHttpClient.sendEvent(527) - responseCode = 200
2021-03-28 14:40:37 INFO  ApacheHttpClient.sendEvent(527) - responseCode = 200
2021-03-28 14:41:37 INFO  ApacheHttpClient.sendEvent(527) - responseCode = 200
2021-03-28 14:42:37 INFO  ApacheHttpClient.sendEvent(527) - responseCode = 200
2021-03-28 14:43:37 INFO  ApacheHttpClient.sendEvent(527) - responseCode = 200
2021-03-28 14:44:37 INFO  ApacheHttpClient.sendEvent(527) - responseCode = 200
2021-03-28 14:45:37 INFO  ApacheHttpClient.sendEvent(527) - responseCode = 200
2021-03-28 14:46:37 INFO  ApacheHttpClient.sendEvent(527) - responseCode = 200
2021-03-28 14:47:37 INFO  ApacheHttpClient.sendEvent(527) - responseCode = 200
2021-03-28 14:48:37 INFO  ApacheHttpClient.sendEvent(527) - responseCode = 200
2021-03-28 14:48:37 INFO  ApacheHttpClient.sendEvent(527) - responseCode = 200
2021-03-28 14:49:37 INFO  ApacheHttpClient.sendEvent(527) - responseCode = 200
2021-03-28 14:49:38 INFO  ApacheHttpClient.sendEvent(527) - responseCode = 200
2021-03-28 14:50:37 INFO  ApacheHttpClient.sendEvent(527) - responseCode = 200
2021-03-28 14:50:38 INFO  ApacheHttpClient.sendEvent(527) - responseCode = 200
2021-03-28 14:51:37 INFO  ApacheHttpClient.sendEvent(527) - responseCode = 200
2021-03-28 14:51:37 INFO  ApacheHttpClient.sendEvent(527) - responseCode = 200
2021-03-28 14:52:37 INFO  ApacheHttpClient.sendEvent(527) - responseCode = 200
2021-03-28 14:52:37 INFO  ApacheHttpClient.sendEvent(527) - responseCode = 200
2021-03-28 14:53:37 INFO  ApacheHttpClient.sendEvent(527) - responseCode = 200
2021-03-28 14:53:37 INFO  ApacheHttpClient.sendEvent(527) - responseCode = 200
2021-03-28 14:54:37 INFO  ApacheHttpClient.sendEvent(527) - responseCode = 200
2021-03-28 14:54:37 INFO  ApacheHttpClient.sendEvent(527) - responseCode = 200
2021-03-28 14:55:37 INFO  ApacheHttpClient.sendEvent(527) - responseCode = 200
2021-03-28 14:55:37 INFO  ApacheHttpClient.sendEvent(527) - responseCode = 200
2021-03-28 14:56:37 INFO  ApacheHttpClient.sendEvent(527) - responseCode = 200
2021-03-28 14:56:37 INFO  ApacheHttpClient.sendEvent(527) - responseCode = 200
2021-03-28 14:57:37 INFO  ApacheHttpClient.sendEvent(527) - responseCode = 200
2021-03-28 14:57:38 INFO  ApacheHttpClient.sendEvent(527) - responseCode = 200
2021-03-28 14:58:37 INFO  ApacheHttpClient.sendEvent(527) - responseCode = 200
2021-03-28 14:58:38 INFO  ApacheHttpClient.sendEvent(527) - responseCode = 200
2021-03-28 14:59:37 INFO  ApacheHttpClient.sendEvent(527) - responseCode = 200
2021-03-28 14:59:37 INFO  ApacheHttpClient.sendEvent(527) - responseCode = 200
2021-03-28 15:00:37 INFO  ApacheHttpClient.sendEvent(527) - responseCode = 200
2021-03-28 15:00:37 INFO  ApacheHttpClient.sendEvent(527) - responseCode = 200
2021-03-28 15:01:37 INFO  ApacheHttpClient.sendEvent(527) - responseCode = 200
2021-03-28 15:01:37 INFO  ApacheHttpClient.sendEvent(527) - responseCode = 200
2021-03-28 15:02:37 INFO  ApacheHttpClient.sendEvent(527) - responseCode = 200
2021-03-28 15:02:37 INFO  ApacheHttpClient.sendEvent(527) - responseCode = 200
2021-03-28 15:03:37 INFO  ApacheHttpClient.sendEvent(527) - responseCode = 200
2021-03-28 15:03:37 INFO  ApacheHttpClient.sendEvent(527) - responseCode = 200
2021-03-28 15:04:37 INFO  ApacheHttpClient.sendEvent(527) - responseCode = 200
2021-03-28 15:04:37 INFO  ApacheHttpClient.sendEvent(527) - responseCode = 200
2021-03-28 15:05:37 INFO  ApacheHttpClient.sendEvent(527) - responseCode = 200
2021-03-28 15:05:37 INFO  ApacheHttpClient.sendEvent(527) - responseCode = 200
2021-03-28 15:06:37 INFO  ApacheHttpClient.sendEvent(527) - responseCode = 200
2021-03-28 15:06:37 INFO  ApacheHttpClient.sendEvent(527) - responseCode = 200
2021-03-28 15:07:37 INFO  ApacheHttpClient.sendEvent(527) - responseCode = 200
2021-03-28 15:07:37 INFO  ApacheHttpClient.sendEvent(527) - responseCode = 200
2021-03-28 15:07:50 INFO  ApacheHttpClient.getWebResourceAsStream(494) - responseCode = 200
2021-03-28 15:07:50 INFO  ApacheHttpClient.getTask(480) - responseCode = 200
2021-03-28 15:07:53 INFO  ApacheHttpClient.completed(28) - responseCode = 200
2021-03-28 15:07:54 INFO  ApacheHttpClient.getTask(480) - responseCode = 200
